<?xml version="1.0" encoding="UTF-8"?>
<!-- Generated by org.testng.reporters.JUnitReportReporter -->
<testsuite hostname="THOPS" failures="0" tests="2" name="TestNG.DisableTestScripts" time="0.015" errors="0" timestamp="2023-10-12T14:09:10 IST" skipped="1">
  <testcase classname="TestNG.DisableTestScripts" name="demo1" time="0.015"/>
  <system-out/>
  <testcase classname="TestNG.DisableTestScripts" name="demo2">
    <skipped/>
  </testcase> <!-- demo2 -->
  <system-out/>
</testsuite> <!-- TestNG.DisableTestScripts -->
