<?xml version="1.0" encoding="UTF-8"?>
<!-- Generated by org.testng.reporters.JUnitReportReporter -->
<testsuite hostname="THOPS" failures="0" tests="1" name="ListenerTag.TestClass4" time="0.011" errors="0" timestamp="2023-10-18T14:30:42 IST" skipped="0">
  <testcase classname="ListenerTag.TestClass4" name="tst0" time="0.011"/>
  <system-out/>
</testsuite> <!-- ListenerTag.TestClass4 -->
