<?xml version="1.0" encoding="UTF-8"?>
<!-- Generated by org.testng.reporters.JUnitReportReporter -->
<testsuite hostname="THOPS" failures="0" tests="3" name="DataProviders.DataProvidersPractice" time="0.012" errors="0" timestamp="2023-10-19T13:59:27 IST" skipped="0">
  <testcase classname="DataProviders.DataProvidersPractice" name="bookTicketTest" time="0.002"/>
  <system-out/>
  <testcase classname="DataProviders.DataProvidersPractice" name="bookTicketTest" time="0.008"/>
  <system-out/>
  <testcase classname="DataProviders.DataProvidersPractice" name="bookTicketTest" time="0.002"/>
  <system-out/>
</testsuite> <!-- DataProviders.DataProvidersPractice -->
