<?xml version="1.0" encoding="UTF-8"?>
<!-- Generated by org.testng.reporters.JUnitReportReporter -->
<testsuite hostname="THOPS" failures="0" tests="1" name="Assertions.WhyNotIfElse" time="0.012" errors="0" timestamp="2023-10-18T08:22:01 IST" skipped="0">
  <testcase classname="Assertions.WhyNotIfElse" name="demo" time="0.012"/>
  <system-out/>
</testsuite> <!-- Assertions.WhyNotIfElse -->
