<?xml version="1.0" encoding="UTF-8"?>
<!-- Generated by org.testng.reporters.JUnitReportReporter -->
<testsuite hostname="THOPS" failures="0" tests="3" name="TestNG.UsingInvocationCount" time="0.016" errors="0" timestamp="2023-10-12T13:52:31 IST" skipped="0">
  <testcase classname="TestNG.UsingInvocationCount" name="demo2" time="0.014"/>
  <system-out/>
  <testcase classname="TestNG.UsingInvocationCount" name="demo1" time="0.001"/>
  <system-out/>
  <testcase classname="TestNG.UsingInvocationCount" name="demo1" time="0.001"/>
  <system-out/>
</testsuite> <!-- TestNG.UsingInvocationCount -->
