<?xml version="1.0" encoding="UTF-8"?>
<!-- Generated by org.testng.reporters.JUnitReportReporter -->
<testsuite hostname="THOPS" failures="0" tests="1" name="TestNG.SampleTest" time="0.011" errors="0" timestamp="2023-10-12T13:13:22 IST" skipped="0">
  <testcase classname="TestNG.SampleTest" name="demo" time="0.011"/>
  <system-out/>
</testsuite> <!-- TestNG.SampleTest -->
