<?xml version="1.0" encoding="UTF-8"?>
<!-- Generated by org.testng.reporters.JUnitReportReporter -->
<testsuite hostname="THOPS" failures="0" tests="6" name="TestNG.PrioritySampleTest" time="0.016" errors="0" timestamp="2023-10-12T13:37:17 IST" skipped="0">
  <testcase classname="TestNG.PrioritySampleTest" name="demo6" time="0.008"/>
  <system-out/>
  <testcase classname="TestNG.PrioritySampleTest" name="demo5" time="0.002"/>
  <system-out/>
  <testcase classname="TestNG.PrioritySampleTest" name="demo1" time="0.002"/>
  <system-out/>
  <testcase classname="TestNG.PrioritySampleTest" name="demo4" time="0.001"/>
  <system-out/>
  <testcase classname="TestNG.PrioritySampleTest" name="demo3" time="0.001"/>
  <system-out/>
  <testcase classname="TestNG.PrioritySampleTest" name="demo2" time="0.002"/>
  <system-out/>
</testsuite> <!-- TestNG.PrioritySampleTest -->
