<?xml version="1.0" encoding="UTF-8"?>
<!-- Generated by org.testng.reporters.JUnitReportReporter -->
<testsuite hostname="THOPS" failures="0" tests="1" name="ListenerTag.TestClass1" time="0.002" errors="0" timestamp="2023-10-18T14:30:42 IST" skipped="0">
  <testcase classname="ListenerTag.TestClass1" name="tst0" time="0.002"/>
  <system-out/>
</testsuite> <!-- ListenerTag.TestClass1 -->
